#! /usr/bin/vvp
:ivl_version "12.0 (stable)";
:ivl_delay_selection "TYPICAL";
:vpi_time_precision - 12;
:vpi_module "/usr/lib/x86_64-linux-gnu/ivl/system.vpi";
:vpi_module "/usr/lib/x86_64-linux-gnu/ivl/vhdl_sys.vpi";
:vpi_module "/usr/lib/x86_64-linux-gnu/ivl/vhdl_textio.vpi";
:vpi_module "/usr/lib/x86_64-linux-gnu/ivl/v2005_math.vpi";
:vpi_module "/usr/lib/x86_64-linux-gnu/ivl/va_math.vpi";
S_0x55e556639ad0 .scope module, "tb_POC" "tb_POC" 2 5;
 .timescale -9 -12;
v0x55e55665f4f0_0 .net "addr", 0 0, L_0x55e556660900;  1 drivers
v0x55e55665f5b0_0 .var "clk", 0 0;
v0x55e55665f650_0 .net "data_POC_to_processor", 7 0, L_0x55e556660bf0;  1 drivers
v0x55e55665f6f0_0 .var "data_in", 7 0;
v0x55e55665f790_0 .net "data_processor_to_POC", 7 0, L_0x55e556660b50;  1 drivers
v0x55e55665f880_0 .net "irq_n", 0 0, L_0x55e556660840;  1 drivers
v0x55e55665f920_0 .var "mode", 0 0;
v0x55e55665fa10_0 .net "poc_pd", 7 0, L_0x55e556660ea0;  1 drivers
v0x55e55665fab0_0 .net "poc_ready", 0 0, L_0x55e556660fc0;  1 drivers
v0x55e55665fbe0_0 .net "printer_data", 7 0, L_0x55e5566604f0;  1 drivers
v0x55e55665fc80_0 .net "printer_tr", 0 0, L_0x55e556660d40;  1 drivers
v0x55e55665fd20_0 .var "reset", 0 0;
v0x55e55665fe50_0 .net "rw", 0 0, L_0x55e556660a50;  1 drivers
S_0x55e5565e19f0 .scope module, "u_dut" "TOP" 2 148, 3 5 0, S_0x55e556639ad0;
 .timescale 0 0;
    .port_info 0 /INPUT 1 "i_clk";
    .port_info 1 /INPUT 1 "i_rst_n";
    .port_info 2 /INPUT 8 "i_data";
    .port_info 3 /INPUT 1 "i_mode";
    .port_info 4 /OUTPUT 1 "o_tr";
    .port_info 5 /OUTPUT 8 "o_pd";
    .port_info 6 /OUTPUT 1 "o_rdy";
    .port_info 7 /OUTPUT 8 "o_data";
    .port_info 8 /OUTPUT 1 "o_rw";
    .port_info 9 /OUTPUT 1 "o_addr";
    .port_info 10 /OUTPUT 1 "o_irq";
    .port_info 11 /OUTPUT 8 "o_data_poc_to_processor";
    .port_info 12 /OUTPUT 8 "o_data_processor_to_poc";
L_0x55e556660840 .functor BUFZ 1, L_0x55e55662d360, C4<0>, C4<0>, C4<0>;
L_0x55e556660900 .functor BUFZ 1, v0x55e55665d130_0, C4<0>, C4<0>, C4<0>;
L_0x55e556660a50 .functor BUFZ 1, v0x55e55665dce0_0, C4<0>, C4<0>, C4<0>;
L_0x55e556660b50 .functor BUFZ 8, v0x55e55665d9e0_0, C4<00000000>, C4<00000000>, C4<00000000>;
L_0x55e556660bf0 .functor BUFZ 8, L_0x55e5566601a0, C4<00000000>, C4<00000000>, C4<00000000>;
L_0x55e556660d40 .functor BUFZ 1, v0x55e556638080_0, C4<0>, C4<0>, C4<0>;
L_0x55e556660ea0 .functor BUFZ 8, v0x55e55665b8b0_0, C4<00000000>, C4<00000000>, C4<00000000>;
L_0x55e556660fc0 .functor BUFZ 1, L_0x55e5566606b0, C4<0>, C4<0>, C4<0>;
v0x55e55665e150_0 .net "addr", 0 0, v0x55e55665d130_0;  1 drivers
v0x55e55665e210_0 .net "data_POC_to_processor", 7 0, L_0x55e5566601a0;  1 drivers
v0x55e55665e320_0 .net "data_processor_to_POC", 7 0, v0x55e55665d9e0_0;  1 drivers
v0x55e55665e410_0 .net "i_clk", 0 0, v0x55e55665f5b0_0;  1 drivers
v0x55e55665e4b0_0 .net "i_data", 7 0, v0x55e55665f6f0_0;  1 drivers
v0x55e55665e5c0_0 .net "i_mode", 0 0, v0x55e55665f920_0;  1 drivers
v0x55e55665e660_0 .net "i_rst_n", 0 0, v0x55e55665fd20_0;  1 drivers
v0x55e55665e700_0 .net "irq", 0 0, L_0x55e55662d360;  1 drivers
v0x55e55665e7f0_0 .net "o_addr", 0 0, L_0x55e556660900;  alias, 1 drivers
v0x55e55665e890_0 .net "o_data", 7 0, L_0x55e5566604f0;  alias, 1 drivers
v0x55e55665e930_0 .net "o_data_poc_to_processor", 7 0, L_0x55e556660bf0;  alias, 1 drivers
v0x55e55665e9f0_0 .net "o_data_processor_to_poc", 7 0, L_0x55e556660b50;  alias, 1 drivers
v0x55e55665ead0_0 .net "o_irq", 0 0, L_0x55e556660840;  alias, 1 drivers
v0x55e55665eb90_0 .net "o_pd", 7 0, L_0x55e556660ea0;  alias, 1 drivers
v0x55e55665ec70_0 .net "o_rdy", 0 0, L_0x55e556660fc0;  alias, 1 drivers
v0x55e55665ed30_0 .net "o_rw", 0 0, L_0x55e556660a50;  alias, 1 drivers
v0x55e55665edf0_0 .net "o_tr", 0 0, L_0x55e556660d40;  alias, 1 drivers
v0x55e55665efc0_0 .net "pd", 7 0, v0x55e55665b8b0_0;  1 drivers
v0x55e55665f080_0 .net "rdy", 0 0, L_0x55e5566606b0;  1 drivers
v0x55e55665f170_0 .net "rw", 0 0, v0x55e55665dce0_0;  1 drivers
v0x55e55665f260_0 .net "tr", 0 0, v0x55e556638080_0;  1 drivers
S_0x55e5565e1d30 .scope module, "u_poc" "POC" 3 63, 4 5 0, S_0x55e5565e19f0;
 .timescale 0 0;
    .port_info 0 /INPUT 1 "i_addr";
    .port_info 1 /OUTPUT 8 "o_dout";
    .port_info 2 /INPUT 8 "i_din";
    .port_info 3 /INPUT 1 "i_rw";
    .port_info 4 /INPUT 1 "i_clk";
    .port_info 5 /INPUT 1 "i_rst_n";
    .port_info 6 /INPUT 1 "i_mode";
    .port_info 7 /OUTPUT 1 "o_irq";
    .port_info 8 /INPUT 1 "i_rdy";
    .port_info 9 /OUTPUT 1 "o_tr";
    .port_info 10 /OUTPUT 8 "o_pd";
P_0x55e556639470 .param/l "IDLE" 0 4 51, C4<000>;
P_0x55e5566394b0 .param/l "INTERRUPT_CPU_WRITE" 0 4 57, C4<011>;
P_0x55e5566394f0 .param/l "INTERRUPT_TO_PRINTER" 0 4 59, C4<100>;
P_0x55e556639530 .param/l "POLLING_CPU_WRITE" 0 4 53, C4<001>;
P_0x55e556639570 .param/l "POLLING_TO_PRINTER" 0 4 55, C4<010>;
L_0x55e55662d360 .functor NOT 1, L_0x55e5566603e0, C4<0>, C4<0>, C4<0>;
L_0x55e5566601a0 .functor BUFZ 8, v0x55e55665bb30_0, C4<00000000>, C4<00000000>, C4<00000000>;
L_0x55e5566603e0 .functor AND 1, L_0x55e556660270, L_0x55e556660340, C4<1>, C4<1>;
v0x55e556637100_0 .net *"_ivl_11", 0 0, L_0x55e556660340;  1 drivers
v0x55e5566371a0_0 .net *"_ivl_9", 0 0, L_0x55e556660270;  1 drivers
v0x55e5566378f0_0 .var "buffer", 7 0;
v0x55e556638080_0 .var "enable_printer", 0 0;
v0x55e556638810_0 .net "i_addr", 0 0, v0x55e55665d130_0;  alias, 1 drivers
v0x55e55662d480_0 .net "i_clk", 0 0, v0x55e55665f5b0_0;  alias, 1 drivers
v0x55e55662d550_0 .net "i_din", 7 0, v0x55e55665d9e0_0;  alias, 1 drivers
v0x55e55665b010_0 .net "i_mode", 0 0, v0x55e55665f920_0;  alias, 1 drivers
v0x55e55665b0d0_0 .net "i_rdy", 0 0, L_0x55e5566606b0;  alias, 1 drivers
v0x55e55665b190_0 .net "i_rst_n", 0 0, v0x55e55665fd20_0;  alias, 1 drivers
v0x55e55665b250_0 .net "i_rw", 0 0, v0x55e55665dce0_0;  alias, 1 drivers
v0x55e55665b310_0 .net "interrupt", 0 0, L_0x55e5566603e0;  1 drivers
v0x55e55665b3d0_0 .var "mode", 0 0;
v0x55e55665b490_0 .var "next_state", 2 0;
v0x55e55665b570_0 .net "o_dout", 7 0, L_0x55e5566601a0;  alias, 1 drivers
v0x55e55665b650_0 .net "o_irq", 0 0, L_0x55e55662d360;  alias, 1 drivers
v0x55e55665b710_0 .net "o_pd", 7 0, v0x55e55665b8b0_0;  alias, 1 drivers
v0x55e55665b7f0_0 .net "o_tr", 0 0, v0x55e556638080_0;  alias, 1 drivers
v0x55e55665b8b0_0 .var "printer_data", 7 0;
v0x55e55665b990_0 .var "ready", 0 0;
v0x55e55665ba50_0 .var "state", 2 0;
v0x55e55665bb30_0 .var "status", 7 0;
v0x55e55665bc10_0 .var "tr_triggered", 0 0;
E_0x55e5565ed5b0/0 .event negedge, v0x55e55665b190_0;
E_0x55e5565ed5b0/1 .event posedge, v0x55e55662d480_0;
E_0x55e5565ed5b0 .event/or E_0x55e5565ed5b0/0, E_0x55e5565ed5b0/1;
E_0x55e5565ebc90/0 .event anyedge, v0x55e55665ba50_0, v0x55e55665b3d0_0, v0x55e55665b250_0, v0x55e556638810_0;
E_0x55e5565ebc90/1 .event anyedge, v0x55e55662d550_0;
E_0x55e5565ebc90 .event/or E_0x55e5565ebc90/0, E_0x55e5565ebc90/1;
E_0x55e5565ecb40/0 .event anyedge, v0x55e55665ba50_0, v0x55e55665b250_0, v0x55e55665bb30_0, v0x55e55665b310_0;
E_0x55e5565ecb40/1 .event anyedge, v0x55e55665b0d0_0, v0x55e55665b990_0;
E_0x55e5565ecb40 .event/or E_0x55e5565ecb40/0, E_0x55e5565ecb40/1;
L_0x55e556660270 .part v0x55e55665bb30_0, 7, 1;
L_0x55e556660340 .part v0x55e55665bb30_0, 0, 1;
S_0x55e5565e2110 .scope module, "u_printer" "PRINTER" 3 77, 5 4 0, S_0x55e5565e19f0;
 .timescale 0 0;
    .port_info 0 /INPUT 1 "i_tr";
    .port_info 1 /INPUT 8 "i_pd";
    .port_info 2 /OUTPUT 1 "o_rdy";
    .port_info 3 /INPUT 1 "i_clk";
    .port_info 4 /INPUT 1 "i_rst_n";
    .port_info 5 /OUTPUT 8 "o_data";
P_0x55e55663ae60 .param/l "BUSY" 0 5 26, C4<1>;
P_0x55e55663aea0 .param/l "IDLE" 0 5 25, C4<0>;
v0x55e55665c500_3 .array/port v0x55e55665c500, 3;
L_0x55e5566604f0 .functor BUFZ 8, v0x55e55665c500_3, C4<00000000>, C4<00000000>, C4<00000000>;
L_0x7f75a55e6018 .functor BUFT 1, C4<0>, C4<0>, C4<0>, C4<0>;
L_0x55e556660560 .functor XNOR 1, v0x55e55665caa0_0, L_0x7f75a55e6018, C4<0>, C4<0>;
v0x55e55665c070_0 .net/2u *"_ivl_3", 0 0, L_0x7f75a55e6018;  1 drivers
v0x55e55665c170_0 .net *"_ivl_5", 0 0, L_0x55e556660560;  1 drivers
L_0x7f75a55e6060 .functor BUFT 1, C4<1>, C4<0>, C4<0>, C4<0>;
v0x55e55665c230_0 .net/2u *"_ivl_7", 0 0, L_0x7f75a55e6060;  1 drivers
L_0x7f75a55e60a8 .functor BUFT 1, C4<0>, C4<0>, C4<0>, C4<0>;
v0x55e55665c2f0_0 .net/2u *"_ivl_9", 0 0, L_0x7f75a55e60a8;  1 drivers
v0x55e55665c3d0_0 .var "count", 2 0;
v0x55e55665c500 .array "delay_buffer", 3 0, 7 0;
v0x55e55665c640_0 .net "i_clk", 0 0, v0x55e55665f5b0_0;  alias, 1 drivers
v0x55e55665c6e0_0 .net "i_pd", 7 0, v0x55e55665b8b0_0;  alias, 1 drivers
v0x55e55665c780_0 .net "i_rst_n", 0 0, v0x55e55665fd20_0;  alias, 1 drivers
v0x55e55665c820_0 .net "i_tr", 0 0, v0x55e556638080_0;  alias, 1 drivers
v0x55e55665c8c0_0 .var "next_state", 0 0;
v0x55e55665c960_0 .net "o_data", 7 0, L_0x55e5566604f0;  alias, 1 drivers
v0x55e55665ca00_0 .net "o_rdy", 0 0, L_0x55e5566606b0;  alias, 1 drivers
v0x55e55665caa0_0 .var "state", 0 0;
E_0x55e55660bf70 .event posedge, v0x55e55662d480_0;
E_0x55e5565e80e0 .event anyedge, v0x55e55665caa0_0, v0x55e55665b7f0_0, v0x55e55665c3d0_0;
L_0x55e5566606b0 .functor MUXZ 1, L_0x7f75a55e60a8, L_0x7f75a55e6060, L_0x55e556660560, C4<>;
S_0x55e5565e24f0 .scope module, "u_processor" "PROCESSOR" 3 52, 6 5 0, S_0x55e5565e19f0;
 .timescale 0 0;
    .port_info 0 /INPUT 1 "i_clk";
    .port_info 1 /INPUT 1 "i_rst_n";
    .port_info 2 /INPUT 1 "i_irq";
    .port_info 3 /INPUT 8 "i_dout";
    .port_info 4 /INPUT 8 "i_data";
    .port_info 5 /OUTPUT 8 "o_din";
    .port_info 6 /OUTPUT 1 "o_addr";
    .port_info 7 /OUTPUT 1 "o_rw";
P_0x55e556625c70 .param/l "BUFFER" 0 6 45, C4<1>;
P_0x55e556625cb0 .param/l "DELAY" 0 6 51, C4<100>;
P_0x55e556625cf0 .param/l "IDLE" 0 6 47, C4<000>;
P_0x55e556625d30 .param/l "READ_FROM_POC" 0 6 48, C4<001>;
P_0x55e556625d70 .param/l "SET_DATA" 0 6 49, C4<010>;
P_0x55e556625db0 .param/l "STATUS" 0 6 44, C4<0>;
P_0x55e556625df0 .param/l "WRITE_DATA" 0 6 50, C4<011>;
P_0x55e556625e30 .param/l "WRITE_STATUS" 0 6 52, C4<101>;
L_0x55e556636fa0 .functor BUFZ 1, L_0x55e55662d360, C4<0>, C4<0>, C4<0>;
v0x55e55665d130_0 .var "address", 0 0;
v0x55e55665d210_0 .net "i_clk", 0 0, v0x55e55665f5b0_0;  alias, 1 drivers
v0x55e55665d320_0 .net "i_data", 7 0, v0x55e55665f6f0_0;  alias, 1 drivers
v0x55e55665d3c0_0 .net "i_dout", 7 0, L_0x55e5566601a0;  alias, 1 drivers
v0x55e55665d4b0_0 .net "i_irq", 0 0, L_0x55e55662d360;  alias, 1 drivers
v0x55e55665d5a0_0 .net "i_rst_n", 0 0, v0x55e55665fd20_0;  alias, 1 drivers
v0x55e55665d690_0 .net "interrupt", 0 0, L_0x55e556636fa0;  1 drivers
v0x55e55665d730_0 .net "mode", 0 0, L_0x55e55665fef0;  1 drivers
v0x55e55665d7d0_0 .var "next_state", 2 0;
v0x55e55665d940_0 .net "o_addr", 0 0, v0x55e55665d130_0;  alias, 1 drivers
v0x55e55665d9e0_0 .var "o_din", 7 0;
v0x55e55665dab0_0 .net "o_rw", 0 0, v0x55e55665dce0_0;  alias, 1 drivers
v0x55e55665db80_0 .var "poc_status", 7 0;
v0x55e55665dc20_0 .var "read_status_done", 0 0;
v0x55e55665dce0_0 .var "rw", 0 0;
v0x55e55665dda0_0 .var "set_data_done", 0 0;
v0x55e55665de60_0 .var "state", 2 0;
E_0x55e556639c90 .event anyedge, v0x55e55665de60_0, v0x55e55665d130_0, v0x55e55665db80_0, v0x55e55665d320_0;
E_0x55e5565d5290 .event anyedge, v0x55e55665de60_0;
E_0x55e55663fc30/0 .event anyedge, v0x55e55665de60_0, v0x55e55665d730_0, v0x55e55665d690_0, v0x55e55665dc20_0;
E_0x55e55663fc30/1 .event anyedge, v0x55e55665db80_0, v0x55e55665dda0_0;
E_0x55e55663fc30 .event/or E_0x55e55663fc30/0, E_0x55e55663fc30/1;
L_0x55e55665fef0 .part v0x55e55665db80_0, 0, 1;
    .scope S_0x55e5565e24f0;
T_0 ;
    %wait E_0x55e5565ed5b0;
    %load/vec4 v0x55e55665d5a0_0;
    %nor/r;
    %flag_set/vec4 8;
    %jmp/0xz  T_0.0, 8;
    %pushi/vec4 0, 0, 3;
    %assign/vec4 v0x55e55665de60_0, 0;
    %jmp T_0.1;
T_0.0 ;
    %load/vec4 v0x55e55665d7d0_0;
    %assign/vec4 v0x55e55665de60_0, 0;
T_0.1 ;
    %jmp T_0;
    .thread T_0;
    .scope S_0x55e5565e24f0;
T_1 ;
    %wait E_0x55e55663fc30;
    %load/vec4 v0x55e55665de60_0;
    %dup/vec4;
    %pushi/vec4 0, 0, 3;
    %cmp/u;
    %jmp/1 T_1.0, 6;
    %dup/vec4;
    %pushi/vec4 1, 0, 3;
    %cmp/u;
    %jmp/1 T_1.1, 6;
    %dup/vec4;
    %pushi/vec4 2, 0, 3;
    %cmp/u;
    %jmp/1 T_1.2, 6;
    %dup/vec4;
    %pushi/vec4 3, 0, 3;
    %cmp/u;
    %jmp/1 T_1.3, 6;
    %dup/vec4;
    %pushi/vec4 4, 0, 3;
    %cmp/u;
    %jmp/1 T_1.4, 6;
    %dup/vec4;
    %pushi/vec4 5, 0, 3;
    %cmp/u;
    %jmp/1 T_1.5, 6;
    %pushi/vec4 0, 0, 3;
    %store/vec4 v0x55e55665d7d0_0, 0, 3;
    %jmp T_1.7;
T_1.0 ;
    %load/vec4 v0x55e55665d730_0;
    %cmpi/e 0, 0, 1;
    %jmp/0xz  T_1.8, 4;
    %pushi/vec4 1, 0, 3;
    %store/vec4 v0x55e55665d7d0_0, 0, 3;
    %jmp T_1.9;
T_1.8 ;
    %load/vec4 v0x55e55665d690_0;
    %cmpi/e 0, 0, 1;
    %jmp/0xz  T_1.10, 4;
    %pushi/vec4 2, 0, 3;
    %store/vec4 v0x55e55665d7d0_0, 0, 3;
    %jmp T_1.11;
T_1.10 ;
    %pushi/vec4 0, 0, 3;
    %store/vec4 v0x55e55665d7d0_0, 0, 3;
T_1.11 ;
T_1.9 ;
    %jmp T_1.7;
T_1.1 ;
    %load/vec4 v0x55e55665dc20_0;
    %flag_set/vec4 9;
    %flag_get/vec4 9;
    %jmp/0 T_1.14, 9;
    %load/vec4 v0x55e55665db80_0;
    %parti/s 1, 7, 4;
    %pushi/vec4 1, 0, 1;
    %cmp/e;
    %flag_get/vec4 4;
    %and;
T_1.14;
    %flag_set/vec4 8;
    %jmp/0xz  T_1.12, 8;
    %pushi/vec4 2, 0, 3;
    %store/vec4 v0x55e55665d7d0_0, 0, 3;
    %jmp T_1.13;
T_1.12 ;
    %pushi/vec4 1, 0, 3;
    %store/vec4 v0x55e55665d7d0_0, 0, 3;
T_1.13 ;
    %jmp T_1.7;
T_1.2 ;
    %load/vec4 v0x55e55665dda0_0;
    %flag_set/vec4 8;
    %jmp/0xz  T_1.15, 8;
    %pushi/vec4 3, 0, 3;
    %store/vec4 v0x55e55665d7d0_0, 0, 3;
    %jmp T_1.16;
T_1.15 ;
    %pushi/vec4 2, 0, 3;
    %store/vec4 v0x55e55665d7d0_0, 0, 3;
T_1.16 ;
    %jmp T_1.7;
T_1.3 ;
    %pushi/vec4 4, 0, 3;
    %store/vec4 v0x55e55665d7d0_0, 0, 3;
    %jmp T_1.7;
T_1.4 ;
    %pushi/vec4 5, 0, 3;
    %store/vec4 v0x55e55665d7d0_0, 0, 3;
    %jmp T_1.7;
T_1.5 ;
    %pushi/vec4 0, 0, 3;
    %store/vec4 v0x55e55665d7d0_0, 0, 3;
    %jmp T_1.7;
T_1.7 ;
    %pop/vec4 1;
    %jmp T_1;
    .thread T_1, $push;
    .scope S_0x55e5565e24f0;
T_2 ;
    %wait E_0x55e5565d5290;
    %load/vec4 v0x55e55665de60_0;
    %dup/vec4;
    %pushi/vec4 0, 0, 3;
    %cmp/u;
    %jmp/1 T_2.0, 6;
    %dup/vec4;
    %pushi/vec4 1, 0, 3;
    %cmp/u;
    %jmp/1 T_2.1, 6;
    %dup/vec4;
    %pushi/vec4 2, 0, 3;
    %cmp/u;
    %jmp/1 T_2.2, 6;
    %dup/vec4;
    %pushi/vec4 3, 0, 3;
    %cmp/u;
    %jmp/1 T_2.3, 6;
    %dup/vec4;
    %pushi/vec4 5, 0, 3;
    %cmp/u;
    %jmp/1 T_2.4, 6;
    %jmp T_2.5;
T_2.0 ;
    %pushi/vec4 0, 0, 1;
    %store/vec4 v0x55e55665d130_0, 0, 1;
    %pushi/vec4 0, 0, 1;
    %store/vec4 v0x55e55665dce0_0, 0, 1;
    %jmp T_2.5;
T_2.1 ;
    %pushi/vec4 0, 0, 1;
    %store/vec4 v0x55e55665dce0_0, 0, 1;
    %pushi/vec4 0, 0, 1;
    %store/vec4 v0x55e55665d130_0, 0, 1;
    %jmp T_2.5;
T_2.2 ;
    %pushi/vec4 0, 0, 1;
    %store/vec4 v0x55e55665dce0_0, 0, 1;
    %pushi/vec4 1, 0, 1;
    %store/vec4 v0x55e55665d130_0, 0, 1;
    %jmp T_2.5;
T_2.3 ;
    %pushi/vec4 1, 0, 1;
    %store/vec4 v0x55e55665dce0_0, 0, 1;
    %pushi/vec4 1, 0, 1;
    %store/vec4 v0x55e55665d130_0, 0, 1;
    %jmp T_2.5;
T_2.4 ;
    %pushi/vec4 1, 0, 1;
    %store/vec4 v0x55e55665dce0_0, 0, 1;
    %pushi/vec4 0, 0, 1;
    %store/vec4 v0x55e55665d130_0, 0, 1;
    %jmp T_2.5;
T_2.5 ;
    %pop/vec4 1;
    %jmp T_2;
    .thread T_2, $push;
    .scope S_0x55e5565e24f0;
T_3 ;
    %wait E_0x55e556639c90;
    %pushi/vec4 0, 0, 1;
    %store/vec4 v0x55e55665dda0_0, 0, 1;
    %load/vec4 v0x55e55665de60_0;
    %cmpi/e 3, 0, 3;
    %jmp/1 T_3.2, 4;
    %flag_mov 8, 4;
    %load/vec4 v0x55e55665de60_0;
    %cmpi/e 0, 0, 3;
    %flag_or 4, 8;
T_3.2;
    %jmp/0xz  T_3.0, 4;
    %pushi/vec4 0, 0, 1;
    %store/vec4 v0x55e55665dda0_0, 0, 1;
    %jmp T_3.1;
T_3.0 ;
    %load/vec4 v0x55e55665d130_0;
    %cmpi/e 0, 0, 1;
    %jmp/0xz  T_3.3, 4;
    %load/vec4 v0x55e55665db80_0;
    %store/vec4 v0x55e55665d9e0_0, 0, 8;
    %jmp T_3.4;
T_3.3 ;
    %load/vec4 v0x55e55665d320_0;
    %store/vec4 v0x55e55665d9e0_0, 0, 8;
    %pushi/vec4 1, 0, 1;
    %store/vec4 v0x55e55665dda0_0, 0, 1;
T_3.4 ;
T_3.1 ;
    %jmp T_3;
    .thread T_3, $push;
    .scope S_0x55e5565e24f0;
T_4 ;
    %wait E_0x55e5565ed5b0;
    %load/vec4 v0x55e55665d5a0_0;
    %nor/r;
    %flag_set/vec4 8;
    %jmp/0xz  T_4.0, 8;
    %pushi/vec4 0, 0, 1;
    %assign/vec4 v0x55e55665dc20_0, 0;
    %pushi/vec4 0, 0, 8;
    %assign/vec4 v0x55e55665db80_0, 0;
    %jmp T_4.1;
T_4.0 ;
    %load/vec4 v0x55e55665de60_0;
    %dup/vec4;
    %pushi/vec4 0, 0, 3;
    %cmp/u;
    %jmp/1 T_4.2, 6;
    %dup/vec4;
    %pushi/vec4 1, 0, 3;
    %cmp/u;
    %jmp/1 T_4.3, 6;
    %dup/vec4;
    %pushi/vec4 2, 0, 3;
    %cmp/u;
    %jmp/1 T_4.4, 6;
    %jmp T_4.5;
T_4.2 ;
    %pushi/vec4 0, 0, 1;
    %assign/vec4 v0x55e55665dc20_0, 0;
    %jmp T_4.5;
T_4.3 ;
    %load/vec4 v0x55e55665d3c0_0;
    %assign/vec4 v0x55e55665db80_0, 0;
    %pushi/vec4 1, 0, 1;
    %assign/vec4 v0x55e55665dc20_0, 0;
    %jmp T_4.5;
T_4.4 ;
    %pushi/vec4 0, 0, 1;
    %ix/load 4, 7, 0;
    %ix/load 5, 0, 0;
    %flag_set/imm 4, 0;
    %assign/vec4/off/d v0x55e55665db80_0, 4, 5;
    %jmp T_4.5;
T_4.5 ;
    %pop/vec4 1;
T_4.1 ;
    %jmp T_4;
    .thread T_4;
    .scope S_0x55e5565e1d30;
T_5 ;
    %wait E_0x55e5565ed5b0;
    %load/vec4 v0x55e55665b190_0;
    %nor/r;
    %flag_set/vec4 8;
    %jmp/0xz  T_5.0, 8;
    %pushi/vec4 0, 0, 3;
    %assign/vec4 v0x55e55665ba50_0, 0;
    %pushi/vec4 0, 0, 1;
    %assign/vec4 v0x55e55665b990_0, 0;
    %pushi/vec4 0, 0, 1;
    %assign/vec4 v0x55e55665b3d0_0, 0;
    %jmp T_5.1;
T_5.0 ;
    %load/vec4 v0x55e55665b490_0;
    %assign/vec4 v0x55e55665ba50_0, 0;
    %load/vec4 v0x55e55665b0d0_0;
    %assign/vec4 v0x55e55665b990_0, 0;
    %load/vec4 v0x55e55665b010_0;
    %assign/vec4 v0x55e55665b3d0_0, 0;
T_5.1 ;
    %jmp T_5;
    .thread T_5;
    .scope S_0x55e5565e1d30;
T_6 ;
    %wait E_0x55e5565ecb40;
    %load/vec4 v0x55e55665ba50_0;
    %dup/vec4;
    %pushi/vec4 0, 0, 3;
    %cmp/u;
    %jmp/1 T_6.0, 6;
    %dup/vec4;
    %pushi/vec4 1, 0, 3;
    %cmp/u;
    %jmp/1 T_6.1, 6;
    %dup/vec4;
    %pushi/vec4 2, 0, 3;
    %cmp/u;
    %jmp/1 T_6.2, 6;
    %dup/vec4;
    %pushi/vec4 3, 0, 3;
    %cmp/u;
    %jmp/1 T_6.3, 6;
    %dup/vec4;
    %pushi/vec4 4, 0, 3;
    %cmp/u;
    %jmp/1 T_6.4, 6;
    %pushi/vec4 0, 0, 3;
    %store/vec4 v0x55e55665b490_0, 0, 3;
    %jmp T_6.6;
T_6.0 ;
    %load/vec4 v0x55e55665b250_0;
    %cmpi/e 1, 0, 1;
    %jmp/0xz  T_6.7, 4;
    %load/vec4 v0x55e55665bb30_0;
    %parti/s 1, 0, 2;
    %pad/u 32;
    %cmpi/e 0, 0, 32;
    %jmp/0xz  T_6.9, 4;
    %pushi/vec4 1, 0, 3;
    %store/vec4 v0x55e55665b490_0, 0, 3;
    %jmp T_6.10;
T_6.9 ;
    %load/vec4 v0x55e55665b310_0;
    %cmpi/e 1, 0, 1;
    %jmp/0xz  T_6.11, 4;
    %pushi/vec4 3, 0, 3;
    %store/vec4 v0x55e55665b490_0, 0, 3;
T_6.11 ;
T_6.10 ;
    %jmp T_6.8;
T_6.7 ;
    %pushi/vec4 0, 0, 3;
    %store/vec4 v0x55e55665b490_0, 0, 3;
T_6.8 ;
    %jmp T_6.6;
T_6.1 ;
    %load/vec4 v0x55e55665bb30_0;
    %parti/s 1, 7, 4;
    %pad/u 32;
    %cmpi/e 0, 0, 32;
    %jmp/0xz  T_6.13, 4;
    %pushi/vec4 2, 0, 3;
    %store/vec4 v0x55e55665b490_0, 0, 3;
    %jmp T_6.14;
T_6.13 ;
    %pushi/vec4 1, 0, 3;
    %store/vec4 v0x55e55665b490_0, 0, 3;
T_6.14 ;
    %jmp T_6.6;
T_6.2 ;
    %load/vec4 v0x55e55665b0d0_0;
    %pad/u 32;
    %cmpi/e 1, 0, 32;
    %flag_get/vec4 4;
    %jmp/0 T_6.17, 4;
    %load/vec4 v0x55e55665b990_0;
    %pad/u 32;
    %pushi/vec4 0, 0, 32;
    %cmp/e;
    %flag_get/vec4 4;
    %and;
T_6.17;
    %flag_set/vec4 8;
    %jmp/0xz  T_6.15, 8;
    %pushi/vec4 0, 0, 3;
    %store/vec4 v0x55e55665b490_0, 0, 3;
    %jmp T_6.16;
T_6.15 ;
    %pushi/vec4 2, 0, 3;
    %store/vec4 v0x55e55665b490_0, 0, 3;
T_6.16 ;
    %jmp T_6.6;
T_6.3 ;
    %load/vec4 v0x55e55665bb30_0;
    %parti/s 1, 7, 4;
    %pad/u 32;
    %cmpi/e 0, 0, 32;
    %jmp/0xz  T_6.18, 4;
    %pushi/vec4 4, 0, 3;
    %store/vec4 v0x55e55665b490_0, 0, 3;
    %jmp T_6.19;
T_6.18 ;
    %pushi/vec4 3, 0, 3;
    %store/vec4 v0x55e55665b490_0, 0, 3;
T_6.19 ;
    %jmp T_6.6;
T_6.4 ;
    %load/vec4 v0x55e55665b0d0_0;
    %pad/u 32;
    %cmpi/e 1, 0, 32;
    %flag_get/vec4 4;
    %jmp/0 T_6.22, 4;
    %load/vec4 v0x55e55665b990_0;
    %pad/u 32;
    %pushi/vec4 0, 0, 32;
    %cmp/e;
    %flag_get/vec4 4;
    %and;
T_6.22;
    %flag_set/vec4 8;
    %jmp/0xz  T_6.20, 8;
    %pushi/vec4 0, 0, 3;
    %store/vec4 v0x55e55665b490_0, 0, 3;
    %jmp T_6.21;
T_6.20 ;
    %pushi/vec4 4, 0, 3;
    %store/vec4 v0x55e55665b490_0, 0, 3;
T_6.21 ;
    %jmp T_6.6;
T_6.6 ;
    %pop/vec4 1;
    %jmp T_6;
    .thread T_6, $push;
    .scope S_0x55e5565e1d30;
T_7 ;
    %wait E_0x55e5565ebc90;
    %load/vec4 v0x55e55665ba50_0;
    %dup/vec4;
    %pushi/vec4 0, 0, 3;
    %cmp/u;
    %jmp/1 T_7.0, 6;
    %dup/vec4;
    %pushi/vec4 1, 0, 3;
    %cmp/u;
    %jmp/1 T_7.1, 6;
    %dup/vec4;
    %pushi/vec4 3, 0, 3;
    %cmp/u;
    %jmp/1 T_7.2, 6;
    %jmp T_7.3;
T_7.0 ;
    %pushi/vec4 64, 0, 7;
    %load/vec4 v0x55e55665b3d0_0;
    %concat/vec4; draw_concat_vec4
    %store/vec4 v0x55e55665bb30_0, 0, 8;
    %pushi/vec4 0, 0, 8;
    %store/vec4 v0x55e55665b8b0_0, 0, 8;
    %pushi/vec4 0, 0, 1;
    %store/vec4 v0x55e556638080_0, 0, 1;
    %jmp T_7.3;
T_7.1 ;
    %load/vec4 v0x55e55665b250_0;
    %cmpi/e 1, 0, 1;
    %flag_get/vec4 4;
    %jmp/0 T_7.6, 4;
    %load/vec4 v0x55e556638810_0;
    %pushi/vec4 1, 0, 1;
    %cmp/e;
    %flag_get/vec4 4;
    %and;
T_7.6;
    %flag_set/vec4 8;
    %jmp/0xz  T_7.4, 8;
    %load/vec4 v0x55e55662d550_0;
    %store/vec4 v0x55e5566378f0_0, 0, 8;
T_7.4 ;
    %load/vec4 v0x55e55665b250_0;
    %cmpi/e 1, 0, 1;
    %flag_get/vec4 4;
    %jmp/0 T_7.9, 4;
    %load/vec4 v0x55e556638810_0;
    %pushi/vec4 0, 0, 1;
    %cmp/e;
    %flag_get/vec4 4;
    %and;
T_7.9;
    %flag_set/vec4 8;
    %jmp/0xz  T_7.7, 8;
    %load/vec4 v0x55e55662d550_0;
    %store/vec4 v0x55e55665bb30_0, 0, 8;
T_7.7 ;
    %jmp T_7.3;
T_7.2 ;
    %load/vec4 v0x55e55665b250_0;
    %cmpi/e 1, 0, 1;
    %flag_get/vec4 4;
    %jmp/0 T_7.12, 4;
    %load/vec4 v0x55e556638810_0;
    %pushi/vec4 1, 0, 1;
    %cmp/e;
    %flag_get/vec4 4;
    %and;
T_7.12;
    %flag_set/vec4 8;
    %jmp/0xz  T_7.10, 8;
    %load/vec4 v0x55e55662d550_0;
    %store/vec4 v0x55e5566378f0_0, 0, 8;
T_7.10 ;
    %load/vec4 v0x55e55665b250_0;
    %cmpi/e 1, 0, 1;
    %flag_get/vec4 4;
    %jmp/0 T_7.15, 4;
    %load/vec4 v0x55e556638810_0;
    %pushi/vec4 0, 0, 1;
    %cmp/e;
    %flag_get/vec4 4;
    %and;
T_7.15;
    %flag_set/vec4 8;
    %jmp/0xz  T_7.13, 8;
    %load/vec4 v0x55e55662d550_0;
    %store/vec4 v0x55e55665bb30_0, 0, 8;
T_7.13 ;
    %jmp T_7.3;
T_7.3 ;
    %pop/vec4 1;
    %jmp T_7;
    .thread T_7, $push;
    .scope S_0x55e5565e1d30;
T_8 ;
    %wait E_0x55e5565ed5b0;
    %load/vec4 v0x55e55665b190_0;
    %nor/r;
    %flag_set/vec4 8;
    %jmp/0xz  T_8.0, 8;
    %pushi/vec4 0, 0, 1;
    %assign/vec4 v0x55e556638080_0, 0;
    %pushi/vec4 0, 0, 1;
    %assign/vec4 v0x55e55665bc10_0, 0;
    %jmp T_8.1;
T_8.0 ;
    %load/vec4 v0x55e55665ba50_0;
    %cmpi/e 2, 0, 3;
    %jmp/1 T_8.4, 4;
    %flag_mov 8, 4;
    %load/vec4 v0x55e55665ba50_0;
    %cmpi/e 4, 0, 3;
    %flag_or 4, 8;
T_8.4;
    %jmp/0xz  T_8.2, 4;
    %load/vec4 v0x55e55665b990_0;
    %cmpi/e 1, 0, 1;
    %flag_get/vec4 4;
    %jmp/0 T_8.8, 4;
    %load/vec4 v0x55e556638080_0;
    %pushi/vec4 0, 0, 1;
    %cmp/e;
    %flag_get/vec4 4;
    %and;
T_8.8;
    %flag_set/vec4 9;
    %flag_get/vec4 9;
    %jmp/0 T_8.7, 9;
    %load/vec4 v0x55e55665bc10_0;
    %pushi/vec4 0, 0, 1;
    %cmp/e;
    %flag_get/vec4 4;
    %and;
T_8.7;
    %flag_set/vec4 8;
    %jmp/0xz  T_8.5, 8;
    %load/vec4 v0x55e5566378f0_0;
    %assign/vec4 v0x55e55665b8b0_0, 0;
    %pushi/vec4 1, 0, 1;
    %assign/vec4 v0x55e556638080_0, 0;
    %jmp T_8.6;
T_8.5 ;
    %load/vec4 v0x55e556638080_0;
    %cmpi/e 1, 0, 1;
    %jmp/0xz  T_8.9, 4;
    %pushi/vec4 0, 0, 1;
    %assign/vec4 v0x55e556638080_0, 0;
    %pushi/vec4 1, 0, 1;
    %assign/vec4 v0x55e55665bc10_0, 0;
T_8.9 ;
T_8.6 ;
    %jmp T_8.3;
T_8.2 ;
    %pushi/vec4 0, 0, 1;
    %assign/vec4 v0x55e55665bc10_0, 0;
T_8.3 ;
T_8.1 ;
    %jmp T_8;
    .thread T_8;
    .scope S_0x55e5565e2110;
T_9 ;
    %wait E_0x55e5565ed5b0;
    %load/vec4 v0x55e55665c780_0;
    %nor/r;
    %flag_set/vec4 8;
    %jmp/0xz  T_9.0, 8;
    %pushi/vec4 0, 0, 1;
    %assign/vec4 v0x55e55665caa0_0, 0;
    %jmp T_9.1;
T_9.0 ;
    %load/vec4 v0x55e55665c8c0_0;
    %assign/vec4 v0x55e55665caa0_0, 0;
T_9.1 ;
    %jmp T_9;
    .thread T_9;
    .scope S_0x55e5565e2110;
T_10 ;
    %wait E_0x55e5565e80e0;
    %load/vec4 v0x55e55665caa0_0;
    %dup/vec4;
    %pushi/vec4 0, 0, 1;
    %cmp/u;
    %jmp/1 T_10.0, 6;
    %dup/vec4;
    %pushi/vec4 1, 0, 1;
    %cmp/u;
    %jmp/1 T_10.1, 6;
    %pushi/vec4 0, 0, 1;
    %assign/vec4 v0x55e55665c8c0_0, 0;
    %jmp T_10.3;
T_10.0 ;
    %load/vec4 v0x55e55665c820_0;
    %flag_set/vec4 8;
    %jmp/0xz  T_10.4, 8;
    %pushi/vec4 1, 0, 1;
    %assign/vec4 v0x55e55665c8c0_0, 0;
    %jmp T_10.5;
T_10.4 ;
    %pushi/vec4 0, 0, 1;
    %assign/vec4 v0x55e55665c8c0_0, 0;
T_10.5 ;
    %jmp T_10.3;
T_10.1 ;
    %load/vec4 v0x55e55665c3d0_0;
    %cmpi/e 7, 0, 3;
    %jmp/0xz  T_10.6, 4;
    %pushi/vec4 0, 0, 1;
    %assign/vec4 v0x55e55665c8c0_0, 0;
    %jmp T_10.7;
T_10.6 ;
    %pushi/vec4 1, 0, 1;
    %assign/vec4 v0x55e55665c8c0_0, 0;
T_10.7 ;
    %jmp T_10.3;
T_10.3 ;
    %pop/vec4 1;
    %jmp T_10;
    .thread T_10, $push;
    .scope S_0x55e5565e2110;
T_11 ;
    %wait E_0x55e5565ed5b0;
    %load/vec4 v0x55e55665c780_0;
    %nor/r;
    %flag_set/vec4 8;
    %jmp/0xz  T_11.0, 8;
    %pushi/vec4 0, 0, 3;
    %assign/vec4 v0x55e55665c3d0_0, 0;
    %jmp T_11.1;
T_11.0 ;
    %load/vec4 v0x55e55665caa0_0;
    %dup/vec4;
    %pushi/vec4 0, 0, 1;
    %cmp/u;
    %jmp/1 T_11.2, 6;
    %dup/vec4;
    %pushi/vec4 1, 0, 1;
    %cmp/u;
    %jmp/1 T_11.3, 6;
    %pushi/vec4 0, 0, 3;
    %assign/vec4 v0x55e55665c3d0_0, 0;
    %jmp T_11.5;
T_11.2 ;
    %pushi/vec4 0, 0, 3;
    %assign/vec4 v0x55e55665c3d0_0, 0;
    %jmp T_11.5;
T_11.3 ;
    %load/vec4 v0x55e55665c3d0_0;
    %addi 1, 0, 3;
    %assign/vec4 v0x55e55665c3d0_0, 0;
    %jmp T_11.5;
T_11.5 ;
    %pop/vec4 1;
T_11.1 ;
    %jmp T_11;
    .thread T_11;
    .scope S_0x55e5565e2110;
T_12 ;
    %wait E_0x55e55660bf70;
    %load/vec4 v0x55e55665caa0_0;
    %cmpi/e 1, 0, 1;
    %jmp/0xz  T_12.0, 4;
    %load/vec4 v0x55e55665c6e0_0;
    %ix/load 3, 0, 0;
    %flag_set/imm 4, 0;
    %ix/load 4, 0, 0; Constant delay
    %assign/vec4/a/d v0x55e55665c500, 0, 4;
T_12.0 ;
    %jmp T_12;
    .thread T_12;
    .scope S_0x55e5565e2110;
T_13 ;
    %wait E_0x55e55660bf70;
    %load/vec4 v0x55e55665caa0_0;
    %cmpi/e 1, 0, 1;
    %jmp/0xz  T_13.0, 4;
    %ix/load 4, 0, 0;
    %flag_set/imm 4, 0;
    %load/vec4a v0x55e55665c500, 4;
    %ix/load 3, 1, 0;
    %flag_set/imm 4, 0;
    %ix/load 4, 0, 0; Constant delay
    %assign/vec4/a/d v0x55e55665c500, 0, 4;
T_13.0 ;
    %jmp T_13;
    .thread T_13;
    .scope S_0x55e5565e2110;
T_14 ;
    %wait E_0x55e55660bf70;
    %load/vec4 v0x55e55665caa0_0;
    %cmpi/e 1, 0, 1;
    %jmp/0xz  T_14.0, 4;
    %ix/load 4, 1, 0;
    %flag_set/imm 4, 0;
    %load/vec4a v0x55e55665c500, 4;
    %ix/load 3, 2, 0;
    %flag_set/imm 4, 0;
    %ix/load 4, 0, 0; Constant delay
    %assign/vec4/a/d v0x55e55665c500, 0, 4;
T_14.0 ;
    %jmp T_14;
    .thread T_14;
    .scope S_0x55e5565e2110;
T_15 ;
    %wait E_0x55e55660bf70;
    %load/vec4 v0x55e55665caa0_0;
    %cmpi/e 1, 0, 1;
    %jmp/0xz  T_15.0, 4;
    %ix/load 4, 2, 0;
    %flag_set/imm 4, 0;
    %load/vec4a v0x55e55665c500, 4;
    %ix/load 3, 3, 0;
    %flag_set/imm 4, 0;
    %ix/load 4, 0, 0; Constant delay
    %assign/vec4/a/d v0x55e55665c500, 0, 4;
T_15.0 ;
    %jmp T_15;
    .thread T_15;
    .scope S_0x55e556639ad0;
T_16 ;
    %delay 10000, 0;
    %load/vec4 v0x55e55665f5b0_0;
    %inv;
    %store/vec4 v0x55e55665f5b0_0, 0, 1;
    %jmp T_16;
    .thread T_16;
    .scope S_0x55e556639ad0;
T_17 ;
    %pushi/vec4 0, 0, 1;
    %store/vec4 v0x55e55665f5b0_0, 0, 1;
    %pushi/vec4 0, 0, 1;
    %store/vec4 v0x55e55665fd20_0, 0, 1;
    %pushi/vec4 0, 0, 1;
    %store/vec4 v0x55e55665f920_0, 0, 1;
    %pushi/vec4 0, 0, 8;
    %store/vec4 v0x55e55665f6f0_0, 0, 8;
    %delay 50000, 0;
    %pushi/vec4 1, 0, 1;
    %store/vec4 v0x55e55665fd20_0, 0, 1;
    %end;
    .thread T_17;
    .scope S_0x55e556639ad0;
T_18 ;
    %delay 100000000, 0;
    %pushi/vec4 1, 0, 1;
    %store/vec4 v0x55e55665f920_0, 0, 1;
    %end;
    .thread T_18;
    .scope S_0x55e556639ad0;
T_19 ;
    %delay 100000, 0;
T_19.0 ;
    %pushi/vec4 1, 0, 32;
    %or/r;
    %flag_set/vec4 8;
    %jmp/0xz T_19.1, 8;
    %load/vec4 v0x55e55665f920_0;
    %pad/u 32;
    %cmpi/e 0, 0, 32;
    %jmp/0xz  T_19.2, 4;
    %pushi/vec4 0, 0, 8;
    %store/vec4 v0x55e55665f6f0_0, 0, 8;
    %delay 340000, 0;
    %pushi/vec4 1, 0, 8;
    %store/vec4 v0x55e55665f6f0_0, 0, 8;
    %delay 340000, 0;
    %pushi/vec4 2, 0, 8;
    %store/vec4 v0x55e55665f6f0_0, 0, 8;
    %delay 340000, 0;
    %pushi/vec4 3, 0, 8;
    %store/vec4 v0x55e55665f6f0_0, 0, 8;
    %delay 340000, 0;
    %pushi/vec4 4, 0, 8;
    %store/vec4 v0x55e55665f6f0_0, 0, 8;
    %delay 340000, 0;
    %pushi/vec4 5, 0, 8;
    %store/vec4 v0x55e55665f6f0_0, 0, 8;
    %delay 340000, 0;
    %pushi/vec4 6, 0, 8;
    %store/vec4 v0x55e55665f6f0_0, 0, 8;
    %delay 340000, 0;
    %pushi/vec4 7, 0, 8;
    %store/vec4 v0x55e55665f6f0_0, 0, 8;
    %delay 340000, 0;
    %pushi/vec4 8, 0, 8;
    %store/vec4 v0x55e55665f6f0_0, 0, 8;
    %delay 340000, 0;
    %pushi/vec4 9, 0, 8;
    %store/vec4 v0x55e55665f6f0_0, 0, 8;
    %delay 340000, 0;
    %pushi/vec4 10, 0, 8;
    %store/vec4 v0x55e55665f6f0_0, 0, 8;
    %delay 340000, 0;
    %pushi/vec4 11, 0, 8;
    %store/vec4 v0x55e55665f6f0_0, 0, 8;
    %delay 340000, 0;
    %pushi/vec4 12, 0, 8;
    %store/vec4 v0x55e55665f6f0_0, 0, 8;
    %delay 340000, 0;
    %pushi/vec4 13, 0, 8;
    %store/vec4 v0x55e55665f6f0_0, 0, 8;
    %delay 340000, 0;
    %pushi/vec4 14, 0, 8;
    %store/vec4 v0x55e55665f6f0_0, 0, 8;
    %delay 340000, 0;
    %pushi/vec4 15, 0, 8;
    %store/vec4 v0x55e55665f6f0_0, 0, 8;
    %delay 340000, 0;
    %pushi/vec4 16, 0, 8;
    %store/vec4 v0x55e55665f6f0_0, 0, 8;
    %delay 340000, 0;
    %pushi/vec4 17, 0, 8;
    %store/vec4 v0x55e55665f6f0_0, 0, 8;
    %delay 340000, 0;
    %pushi/vec4 18, 0, 8;
    %store/vec4 v0x55e55665f6f0_0, 0, 8;
    %delay 340000, 0;
    %pushi/vec4 19, 0, 8;
    %store/vec4 v0x55e55665f6f0_0, 0, 8;
    %delay 340000, 0;
    %pushi/vec4 20, 0, 8;
    %store/vec4 v0x55e55665f6f0_0, 0, 8;
    %delay 340000, 0;
    %jmp T_19.3;
T_19.2 ;
    %pushi/vec4 0, 0, 8;
    %store/vec4 v0x55e55665f6f0_0, 0, 8;
    %delay 320000, 0;
    %pushi/vec4 1, 0, 8;
    %store/vec4 v0x55e55665f6f0_0, 0, 8;
    %delay 320000, 0;
    %pushi/vec4 2, 0, 8;
    %store/vec4 v0x55e55665f6f0_0, 0, 8;
    %delay 320000, 0;
    %pushi/vec4 3, 0, 8;
    %store/vec4 v0x55e55665f6f0_0, 0, 8;
    %delay 320000, 0;
    %pushi/vec4 4, 0, 8;
    %store/vec4 v0x55e55665f6f0_0, 0, 8;
    %delay 320000, 0;
    %pushi/vec4 5, 0, 8;
    %store/vec4 v0x55e55665f6f0_0, 0, 8;
    %delay 320000, 0;
    %pushi/vec4 6, 0, 8;
    %store/vec4 v0x55e55665f6f0_0, 0, 8;
    %delay 320000, 0;
    %pushi/vec4 7, 0, 8;
    %store/vec4 v0x55e55665f6f0_0, 0, 8;
    %delay 320000, 0;
    %pushi/vec4 8, 0, 8;
    %store/vec4 v0x55e55665f6f0_0, 0, 8;
    %delay 320000, 0;
    %pushi/vec4 9, 0, 8;
    %store/vec4 v0x55e55665f6f0_0, 0, 8;
    %delay 320000, 0;
    %pushi/vec4 10, 0, 8;
    %store/vec4 v0x55e55665f6f0_0, 0, 8;
    %delay 320000, 0;
    %pushi/vec4 11, 0, 8;
    %store/vec4 v0x55e55665f6f0_0, 0, 8;
    %delay 320000, 0;
    %pushi/vec4 12, 0, 8;
    %store/vec4 v0x55e55665f6f0_0, 0, 8;
    %delay 320000, 0;
    %pushi/vec4 13, 0, 8;
    %store/vec4 v0x55e55665f6f0_0, 0, 8;
    %delay 320000, 0;
    %pushi/vec4 14, 0, 8;
    %store/vec4 v0x55e55665f6f0_0, 0, 8;
    %delay 320000, 0;
    %pushi/vec4 15, 0, 8;
    %store/vec4 v0x55e55665f6f0_0, 0, 8;
    %delay 320000, 0;
    %pushi/vec4 16, 0, 8;
    %store/vec4 v0x55e55665f6f0_0, 0, 8;
    %delay 320000, 0;
    %pushi/vec4 17, 0, 8;
    %store/vec4 v0x55e55665f6f0_0, 0, 8;
    %delay 320000, 0;
    %pushi/vec4 18, 0, 8;
    %store/vec4 v0x55e55665f6f0_0, 0, 8;
    %delay 320000, 0;
    %pushi/vec4 19, 0, 8;
    %store/vec4 v0x55e55665f6f0_0, 0, 8;
    %delay 320000, 0;
    %pushi/vec4 20, 0, 8;
    %store/vec4 v0x55e55665f6f0_0, 0, 8;
    %delay 320000, 0;
T_19.3 ;
    %jmp T_19.0;
T_19.1 ;
    %end;
    .thread T_19;
    .scope S_0x55e556639ad0;
T_20 ;
    %vpi_call 2 142 "$dumpfile", "poc.vcd" {0 0 0};
    %vpi_call 2 143 "$dumpvars", 32'sb00000000000000000000000000000000, S_0x55e556639ad0 {0 0 0};
    %delay 200000000, 0;
    %vpi_call 2 144 "$finish" {0 0 0};
    %end;
    .thread T_20;
# The file index is used to find the file name in the following table.
:file_names 7;
    "N/A";
    "<interactive>";
    "tb.v";
    "top.v";
    "poc.v";
    "printer.v";
    "processor.v";
